Watching for file changes with StatReloader
[12/Apr/2026 18:59:50] "GET / HTTP/1.1" 302 0
[12/Apr/2026 18:59:50] "GET /accounts/login/?next=/ HTTP/1.1" 200 2005
[12/Apr/2026 18:59:50] "GET /static/info/bootstrap/vendor/fontawesome-free/css/all.min.css HTTP/1.1" 404 1981
[12/Apr/2026 18:59:50] "GET /static/info/bootstrap/css/sb-admin.css HTTP/1.1" 200 6833
[12/Apr/2026 18:59:50] "GET /static/info/bootstrap/vendor/bootstrap/css/bootstrap.min.css HTTP/1.1" 200 140936
[12/Apr/2026 18:59:50] "GET /static/info/bootstrap/vendor/jquery/jquery.min.js HTTP/1.1" 200 86927
[12/Apr/2026 18:59:50] "GET /static/info/bootstrap/vendor/bootstrap/js/bootstrap.bundle.min.js HTTP/1.1" 200 70966
[12/Apr/2026 18:59:50] "GET /static/info/bootstrap/vendor/jquery-easing/jquery.easing.min.js HTTP/1.1" 200 2532
Not Found: /favicon.ico
[12/Apr/2026 18:59:50] "GET /favicon.ico HTTP/1.1" 404 10742
[12/Apr/2026 19:00:00] "POST /accounts/login/?next=/ HTTP/1.1" 302 0
[12/Apr/2026 19:00:00] "GET / HTTP/1.1" 200 6092
[12/Apr/2026 19:00:00] "GET /static/info/homepage/css/heroic-features.css HTTP/1.1" 200 384
[12/Apr/2026 19:00:00] "GET /static/info/bootstrap/vendor/fontawesome-free/css/all.min.css HTTP/1.1" 404 1981
[12/Apr/2026 19:00:00] "GET /static/info/homepage/vendor/bootstrap/css/bootstrap.min.css HTTP/1.1" 200 140930
[12/Apr/2026 19:00:00] "GET /static/info/images/attendance2.jpg HTTP/1.1" 200 8862
[12/Apr/2026 19:00:00] "GET /static/info/homepage/vendor/jquery/jquery.min.js HTTP/1.1" 200 86927
[12/Apr/2026 19:00:00] "GET /static/info/images/marks.jpg HTTP/1.1" 200 35749
[12/Apr/2026 19:00:00] "GET /static/info/images/timetable.png HTTP/1.1" 200 2432
[12/Apr/2026 19:00:00] "GET /static/info/images/reports.png HTTP/1.1" 200 11692
[12/Apr/2026 19:00:00] "GET /static/info/homepage/vendor/bootstrap/js/bootstrap.bundle.min.js HTTP/1.1" 200 70682
Watching for file changes with StatReloader
[12/Apr/2026 19:03:08] "GET / HTTP/1.1" 200 6092
[12/Apr/2026 19:03:08] "GET /static/info/images/attendance2.jpg HTTP/1.1" 304 0
[12/Apr/2026 19:03:08] "GET /static/info/homepage/vendor/bootstrap/css/bootstrap.min.css HTTP/1.1" 304 0
[12/Apr/2026 19:03:08] "GET /static/info/bootstrap/vendor/fontawesome-free/css/all.min.css HTTP/1.1" 404 1981
[12/Apr/2026 19:03:08] "GET /static/info/homepage/vendor/jquery/jquery.min.js HTTP/1.1" 304 0
[12/Apr/2026 19:03:08] "GET /static/info/homepage/css/heroic-features.css HTTP/1.1" 304 0
[12/Apr/2026 19:03:08] "GET /static/info/images/marks.jpg HTTP/1.1" 304 0
[12/Apr/2026 19:03:08] "GET /static/info/images/timetable.png HTTP/1.1" 304 0
[12/Apr/2026 19:03:08] "GET /static/info/images/reports.png HTTP/1.1" 304 0
[12/Apr/2026 19:03:08] "GET /static/info/homepage/vendor/bootstrap/js/bootstrap.bundle.min.js HTTP/1.1" 304 0
[12/Apr/2026 19:03:20] "GET / HTTP/1.1" 200 6092
[12/Apr/2026 19:03:20] "GET /static/info/bootstrap/vendor/fontawesome-free/css/all.min.css HTTP/1.1" 404 1981
[12/Apr/2026 19:03:20] "GET / HTTP/1.1" 200 6092
[12/Apr/2026 19:03:21] "GET /static/info/bootstrap/vendor/fontawesome-free/css/all.min.css HTTP/1.1" 404 1981
[12/Apr/2026 19:22:53] "GET / HTTP/1.1" 200 6092
[12/Apr/2026 19:22:53] "GET /static/info/bootstrap/vendor/fontawesome-free/css/all.min.css HTTP/1.1" 404 1981
[12/Apr/2026 19:22:53] "GET /static/info/homepage/css/heroic-features.css HTTP/1.1" 304 0
[12/Apr/2026 19:22:53] "GET /static/info/homepage/vendor/jquery/jquery.min.js HTTP/1.1" 304 0
[12/Apr/2026 19:22:53] "GET /static/info/homepage/vendor/bootstrap/css/bootstrap.min.css HTTP/1.1" 304 0
[12/Apr/2026 19:22:53] "GET /static/info/images/marks.jpg HTTP/1.1" 304 0
[12/Apr/2026 19:22:53] "GET /static/info/images/attendance2.jpg HTTP/1.1" 304 0
[12/Apr/2026 19:22:53] "GET /static/info/images/reports.png HTTP/1.1" 304 0
[12/Apr/2026 19:22:53] "GET /static/info/homepage/vendor/bootstrap/js/bootstrap.bundle.min.js HTTP/1.1" 304 0
[12/Apr/2026 19:22:53] "GET /static/info/images/timetable.png HTTP/1.1" 304 0
[12/Apr/2026 19:37:44] "GET / HTTP/1.1" 302 0
[12/Apr/2026 19:37:49] "GET /accounts/login/?next=/ HTTP/1.1" 200 2005
[12/Apr/2026 19:37:50] code 400, message Bad request syntax ('MGLNDD_43.205.110.196_8080')
[12/Apr/2026 19:37:50] "MGLNDD_43.205.110.196_8080" 400 -
[12/Apr/2026 19:59:21] "GET / HTTP/1.1" 200 6092
[12/Apr/2026 19:59:21] "GET /static/info/bootstrap/vendor/fontawesome-free/css/all.min.css HTTP/1.1" 404 1981
[12/Apr/2026 19:59:21] "GET /static/info/homepage/vendor/bootstrap/css/bootstrap.min.css HTTP/1.1" 304 0
[12/Apr/2026 19:59:21] "GET /static/info/homepage/css/heroic-features.css HTTP/1.1" 304 0
[12/Apr/2026 19:59:21] "GET /static/info/images/attendance2.jpg HTTP/1.1" 304 0
[12/Apr/2026 19:59:21] "GET /static/info/images/reports.png HTTP/1.1" 304 0
[12/Apr/2026 19:59:21] "GET /static/info/images/timetable.png HTTP/1.1" 304 0
[12/Apr/2026 19:59:21] "GET /static/info/images/marks.jpg HTTP/1.1" 304 0
[12/Apr/2026 19:59:21] "GET /static/info/homepage/vendor/jquery/jquery.min.js HTTP/1.1" 304 0
[12/Apr/2026 19:59:21] "GET /static/info/homepage/vendor/bootstrap/js/bootstrap.bundle.min.js HTTP/1.1" 304 0
[12/Apr/2026 20:01:02] "GET / HTTP/1.1" 200 6092
[12/Apr/2026 20:01:02] "GET /static/info/bootstrap/vendor/fontawesome-free/css/all.min.css HTTP/1.1" 404 1981
[12/Apr/2026 20:02:06] "GET / HTTP/1.1" 200 6092
[12/Apr/2026 20:02:06] "GET /static/info/bootstrap/vendor/fontawesome-free/css/all.min.css HTTP/1.1" 404 1981
[12/Apr/2026 20:02:07] "GET / HTTP/1.1" 200 6092
[12/Apr/2026 20:02:07] "GET /static/info/bootstrap/vendor/fontawesome-free/css/all.min.css HTTP/1.1" 404 1981
[12/Apr/2026 20:02:08] "GET /accounts/login/?next=/ HTTP/1.1" 200 2005
[12/Apr/2026 20:02:54] "GET / HTTP/1.1" 200 6092
[12/Apr/2026 20:02:55] "GET /static/info/bootstrap/vendor/fontawesome-free/css/all.min.css HTTP/1.1" 404 1981
[12/Apr/2026 20:02:55] "GET / HTTP/1.1" 200 6092
[12/Apr/2026 20:02:55] "GET /static/info/bootstrap/vendor/fontawesome-free/css/all.min.css HTTP/1.1" 404 1981
[12/Apr/2026 20:02:55] "GET / HTTP/1.1" 200 6092
[12/Apr/2026 20:02:55] "GET /static/info/bootstrap/vendor/fontawesome-free/css/all.min.css HTTP/1.1" 404 1981
